[2026-01-29 23:00:11,562: INFO: main: Welcome to our Custom log]
[2026-01-29 23:02:30,481: INFO: main: Welcome to our Custom log]
[2026-01-30 21:45:53,292: INFO: common: yaml file: config\config.yaml loaded successfully]
[2026-01-30 21:45:53,304: INFO: common: yaml file: params.yaml loaded successfully]
[2026-01-30 21:46:17,067: INFO: common: yaml file: config\config.yaml loaded successfully]
[2026-01-30 21:46:17,068: INFO: common: yaml file: params.yaml loaded successfully]
[2026-01-30 21:46:36,046: INFO: common: yaml file: config\config.yaml loaded successfully]
[2026-01-30 21:46:36,047: INFO: common: yaml file: params.yaml loaded successfully]
[2026-01-30 21:50:03,305: INFO: common: yaml file: config\config.yaml loaded successfully]
[2026-01-30 21:50:03,316: INFO: common: yaml file: params.yaml loaded successfully]
[2026-01-30 21:50:03,320: INFO: common: created directory at: artifacts]
[2026-01-30 21:50:03,321: INFO: common: created directory at: artifacts/data_ingestion]
[2026-01-30 21:50:03,323: INFO: 3172177572: Downloading data from https://drive.google.com/file/d/1k18u-BMJCfMwpAr5fBCf1NEvoMi8Tfm9/view?usp=sharing into file artifacts/data_ingestion/data.zip]
[2026-01-30 21:52:12,505: INFO: 3172177572: Downloaded data from https://drive.google.com/file/d/1k18u-BMJCfMwpAr5fBCf1NEvoMi8Tfm9/view?usp=sharing into file artifacts/data_ingestion/data.zip]
[2026-01-30 22:09:40,701: INFO: main: >>>>>> stage Data Ingestion stage started <<<<<<]
[2026-01-30 22:09:40,702: INFO: common: yaml file: config\config.yaml loaded successfully]
[2026-01-30 22:09:40,703: INFO: common: yaml file: params.yaml loaded successfully]
[2026-01-30 22:09:40,704: INFO: common: created directory at: artifacts]
[2026-01-30 22:09:40,705: INFO: common: created directory at: artifacts/data_ingestion]
[2026-01-30 22:09:40,705: INFO: data_ingestion: Downloading data from https://drive.google.com/file/d/1k18u-BMJCfMwpAr5fBCf1NEvoMi8Tfm9/view?usp=sharing into file artifacts/data_ingestion/data.zip]
[2026-01-30 22:10:20,338: INFO: data_ingestion: Downloaded data from https://drive.google.com/file/d/1k18u-BMJCfMwpAr5fBCf1NEvoMi8Tfm9/view?usp=sharing into file artifacts/data_ingestion/data.zip]
[2026-01-30 22:10:21,076: INFO: main: >>>>>> stage Data Ingestion stage completed <<<<<<

x==========x]
[2026-01-30 22:48:45,842: INFO: common: yaml file: config\config.yaml loaded successfully]
[2026-01-30 22:48:45,847: INFO: common: yaml file: params.yaml loaded successfully]
[2026-01-30 22:48:45,851: INFO: common: created directory at: artifacts]
[2026-01-30 22:50:09,337: INFO: common: yaml file: config\config.yaml loaded successfully]
[2026-01-30 22:50:09,339: INFO: common: yaml file: params.yaml loaded successfully]
[2026-01-30 22:50:09,341: INFO: common: created directory at: artifacts]
[2026-01-30 22:51:34,836: INFO: common: yaml file: config\config.yaml loaded successfully]
[2026-01-30 22:51:34,838: INFO: common: yaml file: params.yaml loaded successfully]
[2026-01-30 22:51:34,839: INFO: common: created directory at: artifacts]
[2026-01-30 22:51:34,840: INFO: common: created directory at: artifacts/prepare_base_model]
[2026-01-30 22:52:10,743: WARNING: saving_utils: Compiled the loaded model, but the compiled metrics have yet to be built. `model.compile_metrics` will be empty until you train or evaluate the model.]
[2026-01-30 23:07:53,147: INFO: main: >>>>>> stage Data Ingestion stage started <<<<<<]
[2026-01-30 23:07:53,149: INFO: common: yaml file: config\config.yaml loaded successfully]
[2026-01-30 23:07:53,151: INFO: common: yaml file: params.yaml loaded successfully]
[2026-01-30 23:07:53,153: INFO: common: created directory at: artifacts]
[2026-01-30 23:07:53,153: INFO: common: created directory at: artifacts/data_ingestion]
[2026-01-30 23:07:53,153: INFO: data_ingestion: Downloading data from https://drive.google.com/file/d/1k18u-BMJCfMwpAr5fBCf1NEvoMi8Tfm9/view?usp=sharing into file artifacts/data_ingestion/data.zip]
[2026-01-30 23:08:28,766: INFO: data_ingestion: Downloaded data from https://drive.google.com/file/d/1k18u-BMJCfMwpAr5fBCf1NEvoMi8Tfm9/view?usp=sharing into file artifacts/data_ingestion/data.zip]
[2026-01-30 23:08:29,237: INFO: main: >>>>>> stage Data Ingestion stage completed <<<<<<

x==========x]
[2026-01-30 23:08:29,237: INFO: main: *******************]
[2026-01-30 23:08:29,238: INFO: main: >>>>>> stage Prepare base model started <<<<<<]
[2026-01-30 23:08:29,239: INFO: common: yaml file: config\config.yaml loaded successfully]
[2026-01-30 23:08:29,240: INFO: common: yaml file: params.yaml loaded successfully]
[2026-01-30 23:08:29,240: INFO: common: created directory at: artifacts]
[2026-01-30 23:08:29,240: INFO: common: created directory at: artifacts/prepare_base_model]
[2026-01-30 23:08:29,619: WARNING: saving_utils: Compiled the loaded model, but the compiled metrics have yet to be built. `model.compile_metrics` will be empty until you train or evaluate the model.]
[2026-01-30 23:08:29,858: INFO: main: >>>>>> stage Prepare base model completed <<<<<<

x==========x]
[2026-01-30 23:19:55,801: INFO: common: yaml file: config\config.yaml loaded successfully]
[2026-01-30 23:19:55,807: INFO: common: yaml file: params.yaml loaded successfully]
[2026-01-30 23:19:55,809: INFO: common: created directory at: artifacts]
[2026-01-30 23:21:54,466: INFO: common: yaml file: config\config.yaml loaded successfully]
[2026-01-30 23:21:54,468: INFO: common: yaml file: params.yaml loaded successfully]
[2026-01-30 23:21:54,469: INFO: common: created directory at: artifacts]
[2026-01-30 23:25:03,873: INFO: common: yaml file: config\config.yaml loaded successfully]
[2026-01-30 23:25:03,877: INFO: common: yaml file: params.yaml loaded successfully]
[2026-01-30 23:25:03,879: INFO: common: created directory at: artifacts]
[2026-01-30 23:27:02,499: INFO: common: yaml file: config\config.yaml loaded successfully]
[2026-01-30 23:27:02,503: INFO: common: yaml file: params.yaml loaded successfully]
[2026-01-30 23:27:02,504: INFO: common: created directory at: artifacts]
[2026-01-30 23:29:04,597: INFO: common: yaml file: config\config.yaml loaded successfully]
[2026-01-30 23:29:04,598: INFO: common: yaml file: params.yaml loaded successfully]
[2026-01-30 23:29:04,600: INFO: common: created directory at: artifacts]
[2026-01-30 23:30:11,808: INFO: common: yaml file: config\config.yaml loaded successfully]
[2026-01-30 23:30:11,812: INFO: common: yaml file: params.yaml loaded successfully]
[2026-01-30 23:30:11,815: INFO: common: created directory at: artifacts]
[2026-01-30 23:30:11,817: INFO: common: created directory at: artifacts\training]
[2026-01-30 23:30:34,586: INFO: common: yaml file: config\config.yaml loaded successfully]
[2026-01-30 23:30:34,590: INFO: common: yaml file: params.yaml loaded successfully]
[2026-01-30 23:30:34,596: INFO: common: created directory at: artifacts]
[2026-01-30 23:30:34,599: INFO: common: created directory at: artifacts\training]
[2026-01-30 23:43:47,059: INFO: main: >>>>>> stage Data Ingestion stage started <<<<<<]
[2026-01-30 23:43:47,062: INFO: common: yaml file: config\config.yaml loaded successfully]
[2026-01-30 23:43:47,064: INFO: common: yaml file: params.yaml loaded successfully]
[2026-01-30 23:43:47,065: INFO: common: created directory at: artifacts]
[2026-01-30 23:43:47,065: INFO: common: created directory at: artifacts/data_ingestion]
[2026-01-30 23:43:47,065: INFO: data_ingestion: Downloading data from https://drive.google.com/file/d/1k18u-BMJCfMwpAr5fBCf1NEvoMi8Tfm9/view?usp=sharing into file artifacts/data_ingestion/data.zip]
[2026-01-30 23:44:42,216: INFO: data_ingestion: Downloaded data from https://drive.google.com/file/d/1k18u-BMJCfMwpAr5fBCf1NEvoMi8Tfm9/view?usp=sharing into file artifacts/data_ingestion/data.zip]
[2026-01-30 23:44:42,714: INFO: main: >>>>>> stage Data Ingestion stage completed <<<<<<

x==========x]
[2026-01-30 23:44:42,714: INFO: main: *******************]
[2026-01-30 23:44:42,715: INFO: main: >>>>>> stage Prepare base model started <<<<<<]
[2026-01-30 23:44:42,717: INFO: common: yaml file: config\config.yaml loaded successfully]
[2026-01-30 23:44:42,718: INFO: common: yaml file: params.yaml loaded successfully]
[2026-01-30 23:44:42,719: INFO: common: created directory at: artifacts]
[2026-01-30 23:44:42,720: INFO: common: created directory at: artifacts/prepare_base_model]
[2026-01-30 23:44:43,126: WARNING: saving_utils: Compiled the loaded model, but the compiled metrics have yet to be built. `model.compile_metrics` will be empty until you train or evaluate the model.]
[2026-01-30 23:44:43,336: INFO: main: >>>>>> stage Prepare base model completed <<<<<<

x==========x]
[2026-01-30 23:44:43,337: INFO: main: *******************]
[2026-01-30 23:44:43,337: INFO: main: >>>>>> stage Training started <<<<<<]
[2026-01-30 23:44:43,340: INFO: common: yaml file: config\config.yaml loaded successfully]
[2026-01-30 23:44:43,341: INFO: common: yaml file: params.yaml loaded successfully]
[2026-01-30 23:44:43,342: INFO: common: created directory at: artifacts]
[2026-01-30 23:44:43,342: INFO: common: created directory at: artifacts\training]
[2026-01-30 23:45:10,360: INFO: main: >>>>>> stage Training completed <<<<<<

x==========x]
[2026-02-04 19:24:18,491: INFO: common: yaml file: config\config.yaml loaded successfully]
[2026-02-04 19:24:18,506: INFO: common: yaml file: params.yaml loaded successfully]
[2026-02-04 19:24:18,510: INFO: common: created directory at: artifacts]
[2026-02-04 19:24:29,440: INFO: common: json file saved at: scores.json]
[2026-02-04 19:24:32,697: WARNING: save: Found untraced functions such as _jit_compiled_convolution_op, _jit_compiled_convolution_op, _jit_compiled_convolution_op, _jit_compiled_convolution_op, _jit_compiled_convolution_op while saving (showing 5 of 14). These functions will not be directly callable after loading.]
[2026-02-04 19:24:33,201: INFO: builder_impl: Assets written to: C:\Users\DIPNA\AppData\Local\Temp\tmpti6_sfgb\model\data\model\assets]
[2026-02-04 20:57:42,211: INFO: main: >>>>>> stage Data Ingestion stage started <<<<<<]
[2026-02-04 20:57:42,212: INFO: common: yaml file: config\config.yaml loaded successfully]
[2026-02-04 20:57:42,214: INFO: common: yaml file: params.yaml loaded successfully]
[2026-02-04 20:57:42,215: INFO: common: created directory at: artifacts]
[2026-02-04 20:57:42,215: INFO: common: created directory at: artifacts/data_ingestion]
[2026-02-04 20:57:42,216: INFO: data_ingestion: Downloading data from https://drive.google.com/file/d/1k18u-BMJCfMwpAr5fBCf1NEvoMi8Tfm9/view?usp=sharing into file artifacts/data_ingestion/data.zip]
[2026-02-04 20:58:17,647: INFO: data_ingestion: Downloaded data from https://drive.google.com/file/d/1k18u-BMJCfMwpAr5fBCf1NEvoMi8Tfm9/view?usp=sharing into file artifacts/data_ingestion/data.zip]
[2026-02-04 20:58:18,112: INFO: main: >>>>>> stage Data Ingestion stage completed <<<<<<

x==========x]
[2026-02-04 20:58:18,112: INFO: main: *******************]
[2026-02-04 20:58:18,112: INFO: main: >>>>>> stage Prepare base model started <<<<<<]
[2026-02-04 20:58:18,114: INFO: common: yaml file: config\config.yaml loaded successfully]
[2026-02-04 20:58:18,115: INFO: common: yaml file: params.yaml loaded successfully]
[2026-02-04 20:58:18,115: INFO: common: created directory at: artifacts]
[2026-02-04 20:58:18,116: INFO: common: created directory at: artifacts/prepare_base_model]
[2026-02-04 20:58:18,675: WARNING: saving_utils: Compiled the loaded model, but the compiled metrics have yet to be built. `model.compile_metrics` will be empty until you train or evaluate the model.]
[2026-02-04 20:58:19,093: INFO: main: >>>>>> stage Prepare base model completed <<<<<<

x==========x]
[2026-02-04 20:58:19,094: INFO: main: *******************]
[2026-02-04 20:58:19,094: INFO: main: >>>>>> stage Training started <<<<<<]
[2026-02-04 20:58:19,097: INFO: common: yaml file: config\config.yaml loaded successfully]
[2026-02-04 20:58:19,099: INFO: common: yaml file: params.yaml loaded successfully]
[2026-02-04 20:58:19,099: INFO: common: created directory at: artifacts]
[2026-02-04 20:58:19,100: INFO: common: created directory at: artifacts\training]
[2026-02-04 20:58:46,129: INFO: main: >>>>>> stage Training completed <<<<<<

x==========x]
[2026-02-04 20:58:46,129: INFO: main: *******************]
[2026-02-04 20:58:46,129: INFO: main: >>>>>> stage Evaluation stage started <<<<<<]
[2026-02-04 20:58:46,131: INFO: common: yaml file: config\config.yaml loaded successfully]
[2026-02-04 20:58:46,131: INFO: common: yaml file: params.yaml loaded successfully]
[2026-02-04 20:58:46,132: INFO: common: created directory at: artifacts]
[2026-02-04 20:58:46,383: ERROR: main: name 'model' is not defined]
Traceback (most recent call last):
  File "C:\Users\DIPNA\Desktop\Kidny\Kidney_Disease_Classification\main.py", line 57, in <module>
    model_evalution.main()
  File "C:\Users\DIPNA\Desktop\Kidny\Kidney_Disease_Classification\src\cnnClassifier\pipeline\stage_04_model_evaluation.py", line 18, in main
    evaluation.evaluation()
  File "C:\Users\DIPNA\Desktop\Kidny\Kidney_Disease_Classification\src\cnnClassifier\components\model_evaluation_mlflow.py", line 48, in evaluation
    self.score = model.evaluate(self.valid_generator)
NameError: name 'model' is not defined
[2026-02-04 20:59:37,675: INFO: main: >>>>>> stage Data Ingestion stage started <<<<<<]
[2026-02-04 20:59:37,679: INFO: common: yaml file: config\config.yaml loaded successfully]
[2026-02-04 20:59:37,681: INFO: common: yaml file: params.yaml loaded successfully]
[2026-02-04 20:59:37,681: INFO: common: created directory at: artifacts]
[2026-02-04 20:59:37,682: INFO: common: created directory at: artifacts/data_ingestion]
[2026-02-04 20:59:37,682: INFO: data_ingestion: Downloading data from https://drive.google.com/file/d/1k18u-BMJCfMwpAr5fBCf1NEvoMi8Tfm9/view?usp=sharing into file artifacts/data_ingestion/data.zip]
[2026-02-04 21:00:12,329: INFO: data_ingestion: Downloaded data from https://drive.google.com/file/d/1k18u-BMJCfMwpAr5fBCf1NEvoMi8Tfm9/view?usp=sharing into file artifacts/data_ingestion/data.zip]
[2026-02-04 21:00:12,735: INFO: main: >>>>>> stage Data Ingestion stage completed <<<<<<

x==========x]
[2026-02-04 21:00:12,735: INFO: main: *******************]
[2026-02-04 21:00:12,736: INFO: main: >>>>>> stage Prepare base model started <<<<<<]
[2026-02-04 21:00:12,737: INFO: common: yaml file: config\config.yaml loaded successfully]
[2026-02-04 21:00:12,737: INFO: common: yaml file: params.yaml loaded successfully]
[2026-02-04 21:00:12,738: INFO: common: created directory at: artifacts]
[2026-02-04 21:00:12,738: INFO: common: created directory at: artifacts/prepare_base_model]
[2026-02-04 21:00:13,053: WARNING: saving_utils: Compiled the loaded model, but the compiled metrics have yet to be built. `model.compile_metrics` will be empty until you train or evaluate the model.]
[2026-02-04 21:00:13,333: INFO: main: >>>>>> stage Prepare base model completed <<<<<<

x==========x]
[2026-02-04 21:00:13,333: INFO: main: *******************]
[2026-02-04 21:00:13,333: INFO: main: >>>>>> stage Training started <<<<<<]
[2026-02-04 21:00:13,334: INFO: common: yaml file: config\config.yaml loaded successfully]
[2026-02-04 21:00:13,336: INFO: common: yaml file: params.yaml loaded successfully]
[2026-02-04 21:00:13,336: INFO: common: created directory at: artifacts]
[2026-02-04 21:00:13,337: INFO: common: created directory at: artifacts\training]
[2026-02-04 21:00:39,107: INFO: main: >>>>>> stage Training completed <<<<<<

x==========x]
[2026-02-04 21:00:39,107: INFO: main: *******************]
[2026-02-04 21:00:39,107: INFO: main: >>>>>> stage Evaluation stage started <<<<<<]
[2026-02-04 21:00:39,108: INFO: common: yaml file: config\config.yaml loaded successfully]
[2026-02-04 21:00:39,109: INFO: common: yaml file: params.yaml loaded successfully]
[2026-02-04 21:00:39,110: INFO: common: created directory at: artifacts]
[2026-02-04 21:00:47,585: INFO: common: json file saved at: scores.json]
[2026-02-04 21:00:47,586: INFO: common: json file saved at: scores.json]
[2026-02-04 21:00:47,586: INFO: main: >>>>>> stage Evaluation stage completed <<<<<<

x==========x]
[2026-02-04 21:09:05,738: INFO: common: yaml file: config\config.yaml loaded successfully]
[2026-02-04 21:09:05,742: INFO: common: yaml file: params.yaml loaded successfully]
[2026-02-04 21:09:05,743: INFO: common: created directory at: artifacts]
[2026-02-04 21:09:14,666: INFO: common: json file saved at: scores.json]
[2026-02-04 21:11:00,196: INFO: common: yaml file: config\config.yaml loaded successfully]
[2026-02-04 21:11:00,199: INFO: common: yaml file: params.yaml loaded successfully]
[2026-02-04 21:11:00,201: INFO: common: created directory at: artifacts]
[2026-02-04 21:11:11,244: INFO: common: json file saved at: scores.json]
[2026-02-04 21:14:49,068: INFO: common: yaml file: config\config.yaml loaded successfully]
[2026-02-04 21:14:49,071: INFO: common: yaml file: params.yaml loaded successfully]
[2026-02-04 21:14:49,073: INFO: common: created directory at: artifacts]
[2026-02-04 21:15:00,179: INFO: common: json file saved at: scores.json]
[2026-02-04 21:19:01,915: INFO: common: yaml file: config\config.yaml loaded successfully]
[2026-02-04 21:19:01,921: INFO: common: yaml file: params.yaml loaded successfully]
[2026-02-04 21:19:01,923: INFO: common: created directory at: artifacts]
[2026-02-04 21:19:14,393: INFO: common: json file saved at: scores.json]
[2026-02-04 21:19:36,667: INFO: common: yaml file: config\config.yaml loaded successfully]
[2026-02-04 21:19:36,672: INFO: common: yaml file: params.yaml loaded successfully]
[2026-02-04 21:19:36,674: INFO: common: created directory at: artifacts]
[2026-02-04 21:19:46,379: INFO: common: json file saved at: scores.json]
[2026-02-04 21:21:51,290: INFO: common: yaml file: config\config.yaml loaded successfully]
[2026-02-04 21:21:51,293: INFO: common: yaml file: params.yaml loaded successfully]
[2026-02-04 21:21:51,295: INFO: common: created directory at: artifacts]
[2026-02-04 21:22:00,230: INFO: common: json file saved at: scores.json]
[2026-02-04 21:22:15,230: INFO: common: yaml file: config\config.yaml loaded successfully]
[2026-02-04 21:22:15,232: INFO: common: yaml file: params.yaml loaded successfully]
[2026-02-04 21:22:15,233: INFO: common: created directory at: artifacts]
[2026-02-04 21:22:23,841: INFO: common: json file saved at: scores.json]
[2026-02-04 21:26:21,598: INFO: common: yaml file: config\config.yaml loaded successfully]
[2026-02-04 21:26:21,600: INFO: common: yaml file: params.yaml loaded successfully]
[2026-02-04 21:26:21,601: INFO: common: created directory at: artifacts]
[2026-02-04 21:26:30,345: INFO: common: json file saved at: scores.json]
[2026-02-04 21:31:07,117: INFO: common: yaml file: config\config.yaml loaded successfully]
[2026-02-04 21:31:07,121: INFO: common: yaml file: params.yaml loaded successfully]
[2026-02-04 21:31:07,123: INFO: common: created directory at: artifacts]
[2026-02-04 21:31:16,138: INFO: common: json file saved at: scores.json]
[2026-02-04 21:33:12,412: INFO: common: yaml file: config\config.yaml loaded successfully]
[2026-02-04 21:33:12,416: INFO: common: yaml file: params.yaml loaded successfully]
[2026-02-04 21:33:12,418: INFO: common: created directory at: artifacts]
[2026-02-04 21:33:12,419: INFO: common: created directory at: artifacts\training]
[2026-02-04 21:37:54,189: INFO: main: >>>>>> stage Data Ingestion stage started <<<<<<]
[2026-02-04 21:37:54,191: INFO: common: yaml file: config\config.yaml loaded successfully]
[2026-02-04 21:37:54,193: INFO: common: yaml file: params.yaml loaded successfully]
[2026-02-04 21:37:54,195: INFO: common: created directory at: artifacts]
[2026-02-04 21:37:54,197: INFO: common: created directory at: artifacts/data_ingestion]
[2026-02-04 21:37:54,198: INFO: data_ingestion: Downloading data from https://drive.google.com/file/d/1k18u-BMJCfMwpAr5fBCf1NEvoMi8Tfm9/view?usp=sharing into file artifacts/data_ingestion/data.zip]
[2026-02-04 21:38:46,522: INFO: data_ingestion: Downloaded data from https://drive.google.com/file/d/1k18u-BMJCfMwpAr5fBCf1NEvoMi8Tfm9/view?usp=sharing into file artifacts/data_ingestion/data.zip]
[2026-02-04 21:38:46,910: INFO: main: >>>>>> stage Data Ingestion stage completed <<<<<<

x==========x]
[2026-02-04 21:38:46,911: INFO: main: *******************]
[2026-02-04 21:38:46,911: INFO: main: >>>>>> stage Prepare base model started <<<<<<]
[2026-02-04 21:38:46,912: INFO: common: yaml file: config\config.yaml loaded successfully]
[2026-02-04 21:38:46,913: INFO: common: yaml file: params.yaml loaded successfully]
[2026-02-04 21:38:46,914: INFO: common: created directory at: artifacts]
[2026-02-04 21:38:46,914: INFO: common: created directory at: artifacts/prepare_base_model]
[2026-02-04 21:38:47,340: WARNING: saving_utils: Compiled the loaded model, but the compiled metrics have yet to be built. `model.compile_metrics` will be empty until you train or evaluate the model.]
[2026-02-04 21:38:47,794: INFO: main: >>>>>> stage Prepare base model completed <<<<<<

x==========x]
[2026-02-04 21:38:47,795: INFO: main: *******************]
[2026-02-04 21:38:47,795: INFO: main: >>>>>> stage Training started <<<<<<]
[2026-02-04 21:38:47,796: INFO: common: yaml file: config\config.yaml loaded successfully]
[2026-02-04 21:38:47,797: INFO: common: yaml file: params.yaml loaded successfully]
[2026-02-04 21:38:47,798: INFO: common: created directory at: artifacts]
[2026-02-04 21:38:47,798: INFO: common: created directory at: artifacts\training]
[2026-02-04 21:39:14,669: INFO: main: >>>>>> stage Training completed <<<<<<

x==========x]
[2026-02-04 21:39:14,669: INFO: main: *******************]
[2026-02-04 21:39:14,669: INFO: main: >>>>>> stage Evaluation stage started <<<<<<]
[2026-02-04 21:39:14,670: INFO: common: yaml file: config\config.yaml loaded successfully]
[2026-02-04 21:39:14,671: INFO: common: yaml file: params.yaml loaded successfully]
[2026-02-04 21:39:14,672: INFO: common: created directory at: artifacts]
[2026-02-04 21:39:23,601: INFO: common: json file saved at: scores.json]
[2026-02-04 21:39:23,602: INFO: common: json file saved at: scores.json]
[2026-02-04 21:39:23,602: INFO: main: >>>>>> stage Evaluation stage completed <<<<<<

x==========x]
[2026-02-04 21:42:53,542: INFO: main: >>>>>> stage Data Ingestion stage started <<<<<<]
[2026-02-04 21:42:53,544: INFO: common: yaml file: config\config.yaml loaded successfully]
[2026-02-04 21:42:53,546: INFO: common: yaml file: params.yaml loaded successfully]
[2026-02-04 21:42:53,548: INFO: common: created directory at: artifacts]
[2026-02-04 21:42:53,549: INFO: common: created directory at: artifacts/data_ingestion]
[2026-02-04 21:42:53,549: INFO: data_ingestion: Downloading data from https://drive.google.com/file/d/1k18u-BMJCfMwpAr5fBCf1NEvoMi8Tfm9/view?usp=sharing into file artifacts/data_ingestion/data.zip]
[2026-02-04 21:44:27,329: INFO: data_ingestion: Downloaded data from https://drive.google.com/file/d/1k18u-BMJCfMwpAr5fBCf1NEvoMi8Tfm9/view?usp=sharing into file artifacts/data_ingestion/data.zip]
[2026-02-04 21:44:27,760: INFO: main: >>>>>> stage Data Ingestion stage completed <<<<<<

x==========x]
[2026-02-04 21:44:27,760: INFO: main: *******************]
[2026-02-04 21:44:27,760: INFO: main: >>>>>> stage Prepare base model started <<<<<<]
[2026-02-04 21:44:27,762: INFO: common: yaml file: config\config.yaml loaded successfully]
[2026-02-04 21:44:27,763: INFO: common: yaml file: params.yaml loaded successfully]
[2026-02-04 21:44:27,763: INFO: common: created directory at: artifacts]
[2026-02-04 21:44:27,763: INFO: common: created directory at: artifacts/prepare_base_model]
[2026-02-04 21:44:28,153: WARNING: saving_utils: Compiled the loaded model, but the compiled metrics have yet to be built. `model.compile_metrics` will be empty until you train or evaluate the model.]
[2026-02-04 21:44:28,423: INFO: main: >>>>>> stage Prepare base model completed <<<<<<

x==========x]
[2026-02-04 21:44:28,423: INFO: main: *******************]
[2026-02-04 21:44:28,423: INFO: main: >>>>>> stage Training started <<<<<<]
[2026-02-04 21:44:28,424: INFO: common: yaml file: config\config.yaml loaded successfully]
[2026-02-04 21:44:28,426: INFO: common: yaml file: params.yaml loaded successfully]
[2026-02-04 21:44:28,427: INFO: common: created directory at: artifacts]
[2026-02-04 21:44:28,427: INFO: common: created directory at: artifacts\training]
[2026-02-04 21:44:54,254: INFO: main: >>>>>> stage Training completed <<<<<<

x==========x]
[2026-02-04 21:44:54,254: INFO: main: *******************]
[2026-02-04 21:44:54,254: INFO: main: >>>>>> stage Evaluation stage started <<<<<<]
[2026-02-04 21:44:54,255: INFO: common: yaml file: config\config.yaml loaded successfully]
[2026-02-04 21:44:54,256: INFO: common: yaml file: params.yaml loaded successfully]
[2026-02-04 21:44:54,257: INFO: common: created directory at: artifacts]
[2026-02-04 21:45:04,022: INFO: common: json file saved at: scores.json]
[2026-02-04 21:45:04,023: INFO: common: json file saved at: scores.json]
[2026-02-04 21:45:04,023: INFO: main: >>>>>> stage Evaluation stage completed <<<<<<

x==========x]
[2026-02-04 21:50:58,464: INFO: common: yaml file: config\config.yaml loaded successfully]
[2026-02-04 21:50:58,466: INFO: common: yaml file: params.yaml loaded successfully]
[2026-02-04 21:50:58,467: INFO: common: created directory at: artifacts]
[2026-02-04 21:51:09,347: INFO: common: json file saved at: scores.json]
[2026-02-04 22:20:38,565: INFO: common: yaml file: config\config.yaml loaded successfully]
[2026-02-04 22:20:38,579: INFO: common: yaml file: params.yaml loaded successfully]
[2026-02-04 22:20:38,581: INFO: common: created directory at: artifacts]
[2026-02-04 22:20:51,413: INFO: common: json file saved at: scores.json]
[2026-02-04 22:22:22,529: INFO: common: yaml file: config\config.yaml loaded successfully]
[2026-02-04 22:22:22,533: INFO: common: yaml file: params.yaml loaded successfully]
[2026-02-04 22:22:22,537: INFO: common: created directory at: artifacts]
[2026-02-04 22:22:35,085: INFO: common: json file saved at: scores.json]
[2026-02-04 22:24:08,166: INFO: common: yaml file: config\config.yaml loaded successfully]
[2026-02-04 22:24:08,168: INFO: common: yaml file: params.yaml loaded successfully]
[2026-02-04 22:24:08,169: INFO: common: created directory at: artifacts]
[2026-02-04 22:24:18,454: INFO: common: json file saved at: scores.json]
[2026-02-04 22:25:32,593: INFO: common: yaml file: config\config.yaml loaded successfully]
[2026-02-04 22:25:32,595: INFO: common: yaml file: params.yaml loaded successfully]
[2026-02-04 22:25:32,596: INFO: common: created directory at: artifacts]
[2026-02-04 22:25:44,927: INFO: common: json file saved at: scores.json]
[2026-02-04 22:25:48,206: WARNING: save: Found untraced functions such as _jit_compiled_convolution_op, _jit_compiled_convolution_op, _jit_compiled_convolution_op, _jit_compiled_convolution_op, _jit_compiled_convolution_op while saving (showing 5 of 14). These functions will not be directly callable after loading.]
[2026-02-04 22:25:48,652: INFO: builder_impl: Assets written to: C:\Users\DIPNA\AppData\Local\Temp\tmpucfvyzq1\model\data\model\assets]
[2026-02-04 22:35:05,207: INFO: main: >>>>>> stage Data Ingestion stage started <<<<<<]
[2026-02-04 22:35:05,208: INFO: common: yaml file: config\config.yaml loaded successfully]
[2026-02-04 22:35:05,211: INFO: common: yaml file: params.yaml loaded successfully]
[2026-02-04 22:35:05,213: INFO: common: created directory at: artifacts]
[2026-02-04 22:35:05,214: INFO: common: created directory at: artifacts/data_ingestion]
[2026-02-04 22:35:05,214: INFO: data_ingestion: Downloading data from https://drive.google.com/file/d/1k18u-BMJCfMwpAr5fBCf1NEvoMi8Tfm9/view?usp=sharing into file artifacts/data_ingestion/data.zip]
[2026-02-04 22:35:33,661: INFO: data_ingestion: Downloaded data from https://drive.google.com/file/d/1k18u-BMJCfMwpAr5fBCf1NEvoMi8Tfm9/view?usp=sharing into file artifacts/data_ingestion/data.zip]
[2026-02-04 22:35:34,134: INFO: main: >>>>>> stage Data Ingestion stage completed <<<<<<

x==========x]
[2026-02-04 22:35:34,134: INFO: main: *******************]
[2026-02-04 22:35:34,134: INFO: main: >>>>>> stage Prepare base model started <<<<<<]
[2026-02-04 22:35:34,135: INFO: common: yaml file: config\config.yaml loaded successfully]
[2026-02-04 22:35:34,136: INFO: common: yaml file: params.yaml loaded successfully]
[2026-02-04 22:35:34,137: INFO: common: created directory at: artifacts]
[2026-02-04 22:35:34,137: INFO: common: created directory at: artifacts/prepare_base_model]
[2026-02-04 22:35:34,547: WARNING: saving_utils: Compiled the loaded model, but the compiled metrics have yet to be built. `model.compile_metrics` will be empty until you train or evaluate the model.]
[2026-02-04 22:35:34,863: INFO: main: >>>>>> stage Prepare base model completed <<<<<<

x==========x]
[2026-02-04 22:35:34,863: INFO: main: *******************]
[2026-02-04 22:35:34,864: INFO: main: >>>>>> stage Training started <<<<<<]
[2026-02-04 22:35:34,865: INFO: common: yaml file: config\config.yaml loaded successfully]
[2026-02-04 22:35:34,866: INFO: common: yaml file: params.yaml loaded successfully]
[2026-02-04 22:35:34,866: INFO: common: created directory at: artifacts]
[2026-02-04 22:35:34,867: INFO: common: created directory at: artifacts\training]
[2026-02-04 22:35:35,264: ERROR: main: unsupported operand type(s) for -: 'NoneType' and 'int']
Traceback (most recent call last):
  File "C:\Users\DIPNA\Desktop\Kidny\Kidney_Disease_Classification\main.py", line 44, in <module>
    model_trainer.main()
  File "C:\Users\DIPNA\Desktop\Kidny\Kidney_Disease_Classification\src\cnnClassifier\pipeline\stage_03_model_training.py", line 21, in main
    training.train()
  File "C:\Users\DIPNA\Desktop\Kidny\Kidney_Disease_Classification\src\cnnClassifier\components\model_training.py", line 76, in train
    self.model.fit(
  File "C:\Users\DIPNA\anaconda3\envs\kidney\lib\site-packages\keras\utils\traceback_utils.py", line 70, in error_handler
    raise e.with_traceback(filtered_tb) from None
  File "C:\Users\DIPNA\anaconda3\envs\kidney\lib\site-packages\keras\engine\data_adapter.py", line 1265, in __init__
    epochs=epochs - initial_epoch,
TypeError: unsupported operand type(s) for -: 'NoneType' and 'int'
[2026-02-04 22:38:39,199: INFO: main: >>>>>> stage Data Ingestion stage started <<<<<<]
[2026-02-04 22:38:39,200: INFO: common: yaml file: config\config.yaml loaded successfully]
[2026-02-04 22:38:39,202: INFO: common: yaml file: params.yaml loaded successfully]
[2026-02-04 22:38:39,203: INFO: common: created directory at: artifacts]
[2026-02-04 22:38:39,203: INFO: common: created directory at: artifacts/data_ingestion]
[2026-02-04 22:38:39,204: INFO: data_ingestion: Downloading data from https://drive.google.com/file/d/1k18u-BMJCfMwpAr5fBCf1NEvoMi8Tfm9/view?usp=sharing into file artifacts/data_ingestion/data.zip]
[2026-02-04 22:39:07,969: INFO: data_ingestion: Downloaded data from https://drive.google.com/file/d/1k18u-BMJCfMwpAr5fBCf1NEvoMi8Tfm9/view?usp=sharing into file artifacts/data_ingestion/data.zip]
[2026-02-04 22:39:08,413: INFO: main: >>>>>> stage Data Ingestion stage completed <<<<<<

x==========x]
[2026-02-04 22:39:08,413: INFO: main: *******************]
[2026-02-04 22:39:08,414: INFO: main: >>>>>> stage Prepare base model started <<<<<<]
[2026-02-04 22:39:08,416: INFO: common: yaml file: config\config.yaml loaded successfully]
[2026-02-04 22:39:08,417: INFO: common: yaml file: params.yaml loaded successfully]
[2026-02-04 22:39:08,417: INFO: common: created directory at: artifacts]
[2026-02-04 22:39:08,417: INFO: common: created directory at: artifacts/prepare_base_model]
[2026-02-04 22:39:08,800: WARNING: saving_utils: Compiled the loaded model, but the compiled metrics have yet to be built. `model.compile_metrics` will be empty until you train or evaluate the model.]
[2026-02-04 22:39:09,076: INFO: main: >>>>>> stage Prepare base model completed <<<<<<

x==========x]
[2026-02-04 22:39:09,076: INFO: main: *******************]
[2026-02-04 22:39:09,077: INFO: main: >>>>>> stage Training started <<<<<<]
[2026-02-04 22:39:09,078: INFO: common: yaml file: config\config.yaml loaded successfully]
[2026-02-04 22:39:09,078: INFO: common: yaml file: params.yaml loaded successfully]
[2026-02-04 22:39:09,079: INFO: common: created directory at: artifacts]
[2026-02-04 22:39:09,079: INFO: common: created directory at: artifacts\training]
[2026-02-04 22:39:09,396: ERROR: main: unsupported operand type(s) for -: 'NoneType' and 'int']
Traceback (most recent call last):
  File "C:\Users\DIPNA\Desktop\Kidny\Kidney_Disease_Classification\main.py", line 44, in <module>
    model_trainer.main()
  File "C:\Users\DIPNA\Desktop\Kidny\Kidney_Disease_Classification\src\cnnClassifier\pipeline\stage_03_model_training.py", line 21, in main
    training.train()
  File "C:\Users\DIPNA\Desktop\Kidny\Kidney_Disease_Classification\src\cnnClassifier\components\model_training.py", line 76, in train
    self.model.fit(
  File "C:\Users\DIPNA\anaconda3\envs\kidney\lib\site-packages\keras\utils\traceback_utils.py", line 70, in error_handler
    raise e.with_traceback(filtered_tb) from None
  File "C:\Users\DIPNA\anaconda3\envs\kidney\lib\site-packages\keras\engine\data_adapter.py", line 1265, in __init__
    epochs=epochs - initial_epoch,
TypeError: unsupported operand type(s) for -: 'NoneType' and 'int'
[2026-02-04 22:40:37,605: INFO: main: >>>>>> stage Data Ingestion stage started <<<<<<]
[2026-02-04 22:40:37,606: INFO: common: yaml file: config\config.yaml loaded successfully]
[2026-02-04 22:40:37,608: INFO: common: yaml file: params.yaml loaded successfully]
[2026-02-04 22:40:37,608: INFO: common: created directory at: artifacts]
[2026-02-04 22:40:37,609: INFO: common: created directory at: artifacts/data_ingestion]
[2026-02-04 22:40:37,609: INFO: data_ingestion: Downloading data from https://drive.google.com/file/d/1k18u-BMJCfMwpAr5fBCf1NEvoMi8Tfm9/view?usp=sharing into file artifacts/data_ingestion/data.zip]
[2026-02-04 22:41:06,688: INFO: data_ingestion: Downloaded data from https://drive.google.com/file/d/1k18u-BMJCfMwpAr5fBCf1NEvoMi8Tfm9/view?usp=sharing into file artifacts/data_ingestion/data.zip]
[2026-02-04 22:41:07,105: INFO: main: >>>>>> stage Data Ingestion stage completed <<<<<<

x==========x]
[2026-02-04 22:41:07,105: INFO: main: *******************]
[2026-02-04 22:41:07,105: INFO: main: >>>>>> stage Prepare base model started <<<<<<]
[2026-02-04 22:41:07,107: INFO: common: yaml file: config\config.yaml loaded successfully]
[2026-02-04 22:41:07,108: INFO: common: yaml file: params.yaml loaded successfully]
[2026-02-04 22:41:07,108: INFO: common: created directory at: artifacts]
[2026-02-04 22:41:07,108: INFO: common: created directory at: artifacts/prepare_base_model]
[2026-02-04 22:41:07,534: WARNING: saving_utils: Compiled the loaded model, but the compiled metrics have yet to be built. `model.compile_metrics` will be empty until you train or evaluate the model.]
[2026-02-04 22:41:07,816: INFO: main: >>>>>> stage Prepare base model completed <<<<<<

x==========x]
[2026-02-04 22:41:07,816: INFO: main: *******************]
[2026-02-04 22:41:07,817: INFO: main: >>>>>> stage Training started <<<<<<]
[2026-02-04 22:41:07,818: INFO: common: yaml file: config\config.yaml loaded successfully]
[2026-02-04 22:41:07,819: INFO: common: yaml file: params.yaml loaded successfully]
[2026-02-04 22:41:07,819: INFO: common: created directory at: artifacts]
[2026-02-04 22:41:07,819: INFO: common: created directory at: artifacts\training]
[2026-02-04 22:41:35,647: INFO: main: >>>>>> stage Training completed <<<<<<

x==========x]
[2026-02-04 22:41:35,647: INFO: main: *******************]
[2026-02-04 22:41:35,647: INFO: main: >>>>>> stage Evaluation stage started <<<<<<]
[2026-02-04 22:41:35,649: INFO: common: yaml file: config\config.yaml loaded successfully]
[2026-02-04 22:41:35,650: INFO: common: yaml file: params.yaml loaded successfully]
[2026-02-04 22:41:35,650: INFO: common: created directory at: artifacts]
[2026-02-04 22:41:45,754: INFO: common: json file saved at: scores.json]
[2026-02-04 22:41:45,756: INFO: common: json file saved at: scores.json]
[2026-02-04 22:41:45,756: INFO: main: >>>>>> stage Evaluation stage completed <<<<<<

x==========x]
[2026-02-04 22:43:10,787: INFO: common: yaml file: config\config.yaml loaded successfully]
[2026-02-04 22:43:10,789: INFO: common: yaml file: params.yaml loaded successfully]
[2026-02-04 22:43:10,790: INFO: common: created directory at: artifacts]
[2026-02-04 22:43:20,509: INFO: common: json file saved at: scores.json]
[2026-02-04 22:44:19,229: INFO: common: yaml file: config\config.yaml loaded successfully]
[2026-02-04 22:44:19,232: INFO: common: yaml file: params.yaml loaded successfully]
[2026-02-04 22:44:19,234: INFO: common: created directory at: artifacts]
[2026-02-04 22:44:28,995: INFO: common: json file saved at: scores.json]
[2026-02-04 22:45:11,397: INFO: common: yaml file: config\config.yaml loaded successfully]
[2026-02-04 22:45:11,400: INFO: common: yaml file: params.yaml loaded successfully]
[2026-02-04 22:45:11,402: INFO: common: created directory at: artifacts]
[2026-02-04 22:45:23,664: INFO: common: json file saved at: scores.json]
[2026-02-04 22:45:27,203: WARNING: save: Found untraced functions such as _jit_compiled_convolution_op, _jit_compiled_convolution_op, _jit_compiled_convolution_op, _jit_compiled_convolution_op, _jit_compiled_convolution_op while saving (showing 5 of 14). These functions will not be directly callable after loading.]
[2026-02-04 22:45:27,672: INFO: builder_impl: Assets written to: C:\Users\DIPNA\AppData\Local\Temp\tmp9a0nz58_\model\data\model\assets]
[2026-02-04 22:48:34,047: INFO: common: yaml file: config\config.yaml loaded successfully]
[2026-02-04 22:48:34,049: INFO: common: yaml file: params.yaml loaded successfully]
[2026-02-04 22:48:34,051: INFO: common: created directory at: artifacts]
[2026-02-04 22:48:45,050: INFO: common: json file saved at: scores.json]
[2026-02-04 22:48:48,309: WARNING: save: Found untraced functions such as _jit_compiled_convolution_op, _jit_compiled_convolution_op, _jit_compiled_convolution_op, _jit_compiled_convolution_op, _jit_compiled_convolution_op while saving (showing 5 of 14). These functions will not be directly callable after loading.]
[2026-02-04 22:48:48,726: INFO: builder_impl: Assets written to: C:\Users\DIPNA\AppData\Local\Temp\tmp0hnxnavb\model\data\model\assets]
[2026-02-04 23:01:09,434: INFO: common: yaml file: config\config.yaml loaded successfully]
[2026-02-04 23:01:09,450: INFO: common: yaml file: params.yaml loaded successfully]
[2026-02-04 23:01:09,453: INFO: common: created directory at: artifacts]
[2026-02-04 23:01:19,213: INFO: common: json file saved at: scores.json]
[2026-02-04 23:02:58,752: INFO: common: yaml file: config\config.yaml loaded successfully]
[2026-02-04 23:02:58,757: INFO: common: yaml file: params.yaml loaded successfully]
[2026-02-04 23:02:58,760: INFO: common: created directory at: artifacts]
[2026-02-04 23:03:08,560: INFO: common: json file saved at: scores.json]
[2026-02-04 23:03:34,650: INFO: common: yaml file: config\config.yaml loaded successfully]
[2026-02-04 23:03:34,653: INFO: common: yaml file: params.yaml loaded successfully]
[2026-02-04 23:03:34,655: INFO: common: created directory at: artifacts]
[2026-02-04 23:03:34,657: INFO: common: created directory at: artifacts\training]
[2026-02-04 23:04:37,530: INFO: common: yaml file: config\config.yaml loaded successfully]
[2026-02-04 23:04:37,533: INFO: common: yaml file: params.yaml loaded successfully]
[2026-02-04 23:04:37,534: INFO: common: created directory at: artifacts]
[2026-02-04 23:04:50,009: INFO: common: json file saved at: scores.json]
[2026-02-04 23:05:55,340: INFO: common: yaml file: config\config.yaml loaded successfully]
[2026-02-04 23:05:55,342: INFO: common: yaml file: params.yaml loaded successfully]
[2026-02-04 23:05:55,344: INFO: common: created directory at: artifacts]
[2026-02-04 23:06:07,556: INFO: common: json file saved at: scores.json]
[2026-02-04 23:06:45,451: INFO: main: >>>>>> stage Data Ingestion stage started <<<<<<]
[2026-02-04 23:06:45,453: INFO: common: yaml file: config\config.yaml loaded successfully]
[2026-02-04 23:06:45,454: INFO: common: yaml file: params.yaml loaded successfully]
[2026-02-04 23:06:45,454: INFO: common: created directory at: artifacts]
[2026-02-04 23:06:45,455: INFO: common: created directory at: artifacts/data_ingestion]
[2026-02-04 23:06:45,455: INFO: data_ingestion: Downloading data from https://drive.google.com/file/d/1k18u-BMJCfMwpAr5fBCf1NEvoMi8Tfm9/view?usp=sharing into file artifacts/data_ingestion/data.zip]
[2026-02-04 23:07:16,306: INFO: data_ingestion: Downloaded data from https://drive.google.com/file/d/1k18u-BMJCfMwpAr5fBCf1NEvoMi8Tfm9/view?usp=sharing into file artifacts/data_ingestion/data.zip]
[2026-02-04 23:07:16,731: INFO: main: >>>>>> stage Data Ingestion stage completed <<<<<<

x==========x]
[2026-02-04 23:07:16,731: INFO: main: *******************]
[2026-02-04 23:07:16,731: INFO: main: >>>>>> stage Prepare base model started <<<<<<]
[2026-02-04 23:07:16,732: INFO: common: yaml file: config\config.yaml loaded successfully]
[2026-02-04 23:07:16,733: INFO: common: yaml file: params.yaml loaded successfully]
[2026-02-04 23:07:16,733: INFO: common: created directory at: artifacts]
[2026-02-04 23:07:16,733: INFO: common: created directory at: artifacts/prepare_base_model]
[2026-02-04 23:07:17,106: WARNING: saving_utils: Compiled the loaded model, but the compiled metrics have yet to be built. `model.compile_metrics` will be empty until you train or evaluate the model.]
[2026-02-04 23:07:17,434: INFO: main: >>>>>> stage Prepare base model completed <<<<<<

x==========x]
[2026-02-04 23:07:17,434: INFO: main: *******************]
[2026-02-04 23:07:17,435: INFO: main: >>>>>> stage Training started <<<<<<]
[2026-02-04 23:07:17,436: INFO: common: yaml file: config\config.yaml loaded successfully]
[2026-02-04 23:07:17,437: INFO: common: yaml file: params.yaml loaded successfully]
[2026-02-04 23:07:17,437: INFO: common: created directory at: artifacts]
[2026-02-04 23:07:17,438: INFO: common: created directory at: artifacts\training]
[2026-02-04 23:07:46,200: INFO: main: >>>>>> stage Training completed <<<<<<

x==========x]
[2026-02-04 23:07:46,200: INFO: main: *******************]
[2026-02-04 23:07:46,200: INFO: main: >>>>>> stage Evaluation stage started <<<<<<]
[2026-02-04 23:07:46,201: INFO: common: yaml file: config\config.yaml loaded successfully]
[2026-02-04 23:07:46,203: INFO: common: yaml file: params.yaml loaded successfully]
[2026-02-04 23:07:46,203: INFO: common: created directory at: artifacts]
[2026-02-04 23:07:57,411: INFO: common: json file saved at: scores.json]
[2026-02-04 23:07:57,412: INFO: common: json file saved at: scores.json]
[2026-02-04 23:07:57,412: INFO: main: >>>>>> stage Evaluation stage completed <<<<<<

x==========x]
[2026-02-04 23:08:10,043: INFO: common: yaml file: config\config.yaml loaded successfully]
[2026-02-04 23:08:10,046: INFO: common: yaml file: params.yaml loaded successfully]
[2026-02-04 23:08:10,047: INFO: common: created directory at: artifacts]
[2026-02-04 23:08:24,573: INFO: common: json file saved at: scores.json]
[2026-02-04 23:09:13,124: INFO: common: yaml file: config\config.yaml loaded successfully]
[2026-02-04 23:09:13,127: INFO: common: yaml file: params.yaml loaded successfully]
[2026-02-04 23:09:13,129: INFO: common: created directory at: artifacts]
[2026-02-04 23:09:27,504: INFO: common: json file saved at: scores.json]
[2026-02-04 23:10:26,546: INFO: common: yaml file: config\config.yaml loaded successfully]
[2026-02-04 23:10:26,550: INFO: common: yaml file: params.yaml loaded successfully]
[2026-02-04 23:10:26,553: INFO: common: created directory at: artifacts]
[2026-02-04 23:10:38,923: INFO: common: json file saved at: scores.json]
[2026-02-04 23:10:42,407: WARNING: save: Found untraced functions such as _jit_compiled_convolution_op, _jit_compiled_convolution_op, _jit_compiled_convolution_op, _jit_compiled_convolution_op, _jit_compiled_convolution_op while saving (showing 5 of 14). These functions will not be directly callable after loading.]
[2026-02-04 23:10:42,895: INFO: builder_impl: Assets written to: C:\Users\DIPNA\AppData\Local\Temp\tmpb7kudjly\model\data\model\assets]
[2026-02-04 23:13:57,281: INFO: common: yaml file: config\config.yaml loaded successfully]
[2026-02-04 23:13:57,286: INFO: common: yaml file: params.yaml loaded successfully]
[2026-02-04 23:13:57,288: INFO: common: created directory at: artifacts]
[2026-02-04 23:14:09,211: INFO: common: json file saved at: scores.json]
[2026-02-04 23:15:28,834: INFO: main: >>>>>> stage Data Ingestion stage started <<<<<<]
[2026-02-04 23:15:28,835: INFO: common: yaml file: config\config.yaml loaded successfully]
[2026-02-04 23:15:28,836: INFO: common: yaml file: params.yaml loaded successfully]
[2026-02-04 23:15:28,837: INFO: common: created directory at: artifacts]
[2026-02-04 23:15:28,837: INFO: common: created directory at: artifacts/data_ingestion]
[2026-02-04 23:15:28,837: INFO: data_ingestion: Downloading data from https://drive.google.com/file/d/1k18u-BMJCfMwpAr5fBCf1NEvoMi8Tfm9/view?usp=sharing into file artifacts/data_ingestion/data.zip]
[2026-02-04 23:16:03,051: INFO: data_ingestion: Downloaded data from https://drive.google.com/file/d/1k18u-BMJCfMwpAr5fBCf1NEvoMi8Tfm9/view?usp=sharing into file artifacts/data_ingestion/data.zip]
[2026-02-04 23:16:03,483: INFO: main: >>>>>> stage Data Ingestion stage completed <<<<<<

x==========x]
[2026-02-04 23:16:03,483: INFO: main: *******************]
[2026-02-04 23:16:03,483: INFO: main: >>>>>> stage Prepare base model started <<<<<<]
[2026-02-04 23:16:03,484: INFO: common: yaml file: config\config.yaml loaded successfully]
[2026-02-04 23:16:03,485: INFO: common: yaml file: params.yaml loaded successfully]
[2026-02-04 23:16:03,485: INFO: common: created directory at: artifacts]
[2026-02-04 23:16:03,486: INFO: common: created directory at: artifacts/prepare_base_model]
[2026-02-04 23:16:03,810: WARNING: saving_utils: Compiled the loaded model, but the compiled metrics have yet to be built. `model.compile_metrics` will be empty until you train or evaluate the model.]
[2026-02-04 23:16:04,107: INFO: main: >>>>>> stage Prepare base model completed <<<<<<

x==========x]
[2026-02-04 23:16:04,107: INFO: main: *******************]
[2026-02-04 23:16:04,107: INFO: main: >>>>>> stage Training started <<<<<<]
[2026-02-04 23:16:04,108: INFO: common: yaml file: config\config.yaml loaded successfully]
[2026-02-04 23:16:04,109: INFO: common: yaml file: params.yaml loaded successfully]
[2026-02-04 23:16:04,109: INFO: common: created directory at: artifacts]
[2026-02-04 23:16:04,110: INFO: common: created directory at: artifacts\training]
[2026-02-04 23:16:31,846: INFO: main: >>>>>> stage Training completed <<<<<<

x==========x]
[2026-02-04 23:16:31,846: INFO: main: *******************]
[2026-02-04 23:16:31,846: INFO: main: >>>>>> stage Evaluation stage started <<<<<<]
[2026-02-04 23:16:31,847: INFO: common: yaml file: config\config.yaml loaded successfully]
[2026-02-04 23:16:31,848: INFO: common: yaml file: params.yaml loaded successfully]
[2026-02-04 23:16:31,849: INFO: common: created directory at: artifacts]
[2026-02-04 23:16:45,695: INFO: common: json file saved at: scores.json]
[2026-02-04 23:16:45,696: INFO: common: json file saved at: scores.json]
[2026-02-04 23:16:45,697: INFO: main: >>>>>> stage Evaluation stage completed <<<<<<

x==========x]
[2026-02-04 23:17:05,937: INFO: common: yaml file: config\config.yaml loaded successfully]
[2026-02-04 23:17:05,941: INFO: common: yaml file: params.yaml loaded successfully]
[2026-02-04 23:17:05,943: INFO: common: created directory at: artifacts]
[2026-02-04 23:17:17,713: INFO: common: json file saved at: scores.json]
[2026-02-04 23:18:58,722: INFO: common: yaml file: config\config.yaml loaded successfully]
[2026-02-04 23:18:58,726: INFO: common: yaml file: params.yaml loaded successfully]
[2026-02-04 23:18:58,728: INFO: common: created directory at: artifacts]
[2026-02-04 23:19:11,617: INFO: common: json file saved at: scores.json]
[2026-02-04 23:19:15,195: WARNING: save: Found untraced functions such as _jit_compiled_convolution_op, _jit_compiled_convolution_op, _jit_compiled_convolution_op, _jit_compiled_convolution_op, _jit_compiled_convolution_op while saving (showing 5 of 14). These functions will not be directly callable after loading.]
[2026-02-04 23:19:15,683: INFO: builder_impl: Assets written to: C:\Users\DIPNA\AppData\Local\Temp\tmpv9amqdex\model\data\model\assets]
[2026-02-04 23:22:23,506: INFO: common: yaml file: config\config.yaml loaded successfully]
[2026-02-04 23:22:23,510: INFO: common: yaml file: params.yaml loaded successfully]
[2026-02-04 23:22:23,512: INFO: common: created directory at: artifacts]
[2026-02-04 23:22:33,330: INFO: common: json file saved at: scores.json]
[2026-02-04 23:22:36,534: WARNING: save: Found untraced functions such as _jit_compiled_convolution_op, _jit_compiled_convolution_op, _jit_compiled_convolution_op, _jit_compiled_convolution_op, _jit_compiled_convolution_op while saving (showing 5 of 14). These functions will not be directly callable after loading.]
[2026-02-04 23:22:36,920: INFO: builder_impl: Assets written to: C:\Users\DIPNA\AppData\Local\Temp\tmpjouk0yuf\model\data\model\assets]
[2026-02-05 08:56:23,528: INFO: stage_01_data_ingestion: >>>>>> stage Data Ingestion stage started <<<<<<]
[2026-02-05 08:56:23,530: INFO: common: yaml file: config\config.yaml loaded successfully]
[2026-02-05 08:56:23,531: INFO: common: yaml file: params.yaml loaded successfully]
[2026-02-05 08:56:23,532: INFO: common: created directory at: artifacts]
[2026-02-05 08:56:23,533: INFO: common: created directory at: artifacts/data_ingestion]
[2026-02-05 08:56:23,534: INFO: data_ingestion: Downloading data from https://drive.google.com/file/d/1k18u-BMJCfMwpAr5fBCf1NEvoMi8Tfm9/view?usp=sharing into file artifacts/data_ingestion/data.zip]
[2026-02-05 08:56:54,623: INFO: data_ingestion: Downloaded data from https://drive.google.com/file/d/1k18u-BMJCfMwpAr5fBCf1NEvoMi8Tfm9/view?usp=sharing into file artifacts/data_ingestion/data.zip]
[2026-02-05 08:56:55,282: INFO: stage_01_data_ingestion: >>>>>> stage Data Ingestion stage completed <<<<<<

x==========x]
[2026-02-05 08:57:10,077: INFO: stage_02_prepare_base_model: *******************]
[2026-02-05 08:57:10,077: INFO: stage_02_prepare_base_model: >>>>>> stage Prepare base model started <<<<<<]
[2026-02-05 08:57:10,078: INFO: common: yaml file: config\config.yaml loaded successfully]
[2026-02-05 08:57:10,079: INFO: common: yaml file: params.yaml loaded successfully]
[2026-02-05 08:57:10,080: INFO: common: created directory at: artifacts]
[2026-02-05 08:57:10,080: INFO: common: created directory at: artifacts/prepare_base_model]
[2026-02-05 08:57:10,557: WARNING: saving_utils: Compiled the loaded model, but the compiled metrics have yet to be built. `model.compile_metrics` will be empty until you train or evaluate the model.]
[2026-02-05 08:57:10,799: INFO: stage_02_prepare_base_model: >>>>>> stage Prepare base model completed <<<<<<

x==========x]
[2026-02-05 08:57:18,123: INFO: stage_03_model_training: *******************]
[2026-02-05 08:57:18,123: INFO: stage_03_model_training: >>>>>> stage Training started <<<<<<]
[2026-02-05 08:57:18,126: INFO: common: yaml file: config\config.yaml loaded successfully]
[2026-02-05 08:57:18,129: INFO: common: yaml file: params.yaml loaded successfully]
[2026-02-05 08:57:18,130: INFO: common: created directory at: artifacts]
[2026-02-05 08:57:18,131: INFO: common: created directory at: artifacts\training]
[2026-02-05 08:57:52,825: INFO: stage_03_model_training: >>>>>> stage Training completed <<<<<<

x==========x]
[2026-02-05 08:58:00,823: INFO: stage_04_model_evaluation: *******************]
[2026-02-05 08:58:00,823: INFO: stage_04_model_evaluation: >>>>>> stage Evaluation stage started <<<<<<]
[2026-02-05 08:58:00,824: INFO: common: yaml file: config\config.yaml loaded successfully]
[2026-02-05 08:58:00,825: INFO: common: yaml file: params.yaml loaded successfully]
[2026-02-05 08:58:00,826: INFO: common: created directory at: artifacts]
[2026-02-05 08:58:12,613: INFO: common: json file saved at: scores.json]
[2026-02-05 08:58:12,614: INFO: common: json file saved at: scores.json]
[2026-02-05 08:58:12,615: INFO: stage_04_model_evaluation: >>>>>> stage Evaluation stage completed <<<<<<

x==========x]
[2026-02-05 09:44:22,614: INFO: _internal: [31m[1mWARNING: This is a development server. Do not use it in a production deployment. Use a production WSGI server instead.[0m
 * Running on http://127.0.0.1:5001]
[2026-02-05 09:44:22,615: INFO: _internal: [33mPress CTRL+C to quit[0m]
[2026-02-05 09:44:40,726: INFO: _internal: 127.0.0.1 - - [05/Feb/2026 09:44:40] "GET / HTTP/1.1" 200 -]
[2026-02-05 09:45:15,647: INFO: _internal: 127.0.0.1 - - [05/Feb/2026 09:45:15] "GET / HTTP/1.1" 200 -]
[2026-02-05 09:46:13,685: ERROR: app: Exception on /predict [POST]]
Traceback (most recent call last):
  File "C:\Users\DIPNA\anaconda3\envs\kidney\lib\site-packages\flask\app.py", line 2190, in wsgi_app
    response = self.full_dispatch_request()
  File "C:\Users\DIPNA\anaconda3\envs\kidney\lib\site-packages\flask\app.py", line 1486, in full_dispatch_request
    rv = self.handle_user_exception(e)
  File "C:\Users\DIPNA\anaconda3\envs\kidney\lib\site-packages\flask_cors\extension.py", line 176, in wrapped_function
    return cors_after_request(app.make_response(f(*args, **kwargs)))
  File "C:\Users\DIPNA\anaconda3\envs\kidney\lib\site-packages\flask\app.py", line 1484, in full_dispatch_request
    rv = self.dispatch_request()
  File "C:\Users\DIPNA\anaconda3\envs\kidney\lib\site-packages\flask\app.py", line 1469, in dispatch_request
    return self.ensure_sync(self.view_functions[rule.endpoint])(**view_args)
  File "C:\Users\DIPNA\anaconda3\envs\kidney\lib\site-packages\flask_cors\decorator.py", line 121, in wrapped_function
    resp = make_response(f(*args, **kwargs))
  File "C:\Users\DIPNA\Desktop\Kidny\Kidney_Disease_Classification\app.py", line 38, in predictRoute
    result = clApp.classifier.predict()
  File "C:\Users\DIPNA\Desktop\Kidny\Kidney_Disease_Classification\src\cnnClassifier\pipeline\prediction.py", line 15, in predict
    model = load_model(os.path.join("model", "model.h5"))
  File "C:\Users\DIPNA\anaconda3\envs\kidney\lib\site-packages\keras\saving\saving_api.py", line 212, in load_model
    return legacy_sm_saving_lib.load_model(
  File "C:\Users\DIPNA\anaconda3\envs\kidney\lib\site-packages\keras\utils\traceback_utils.py", line 70, in error_handler
    raise e.with_traceback(filtered_tb) from None
  File "C:\Users\DIPNA\anaconda3\envs\kidney\lib\site-packages\keras\saving\legacy\save.py", line 230, in load_model
    raise IOError(
OSError: No file or directory found at model\model.h5
[2026-02-05 09:46:13,694: INFO: _internal: 127.0.0.1 - - [05/Feb/2026 09:46:13] "[35m[1mPOST /predict HTTP/1.1[0m" 500 -]
[2026-02-05 09:46:53,634: INFO: _internal: 127.0.0.1 - - [05/Feb/2026 09:46:53] "GET / HTTP/1.1" 200 -]
[2026-02-05 09:47:02,990: ERROR: app: Exception on /predict [POST]]
Traceback (most recent call last):
  File "C:\Users\DIPNA\anaconda3\envs\kidney\lib\site-packages\flask\app.py", line 2190, in wsgi_app
    response = self.full_dispatch_request()
  File "C:\Users\DIPNA\anaconda3\envs\kidney\lib\site-packages\flask\app.py", line 1486, in full_dispatch_request
    rv = self.handle_user_exception(e)
  File "C:\Users\DIPNA\anaconda3\envs\kidney\lib\site-packages\flask_cors\extension.py", line 176, in wrapped_function
    return cors_after_request(app.make_response(f(*args, **kwargs)))
  File "C:\Users\DIPNA\anaconda3\envs\kidney\lib\site-packages\flask\app.py", line 1484, in full_dispatch_request
    rv = self.dispatch_request()
  File "C:\Users\DIPNA\anaconda3\envs\kidney\lib\site-packages\flask\app.py", line 1469, in dispatch_request
    return self.ensure_sync(self.view_functions[rule.endpoint])(**view_args)
  File "C:\Users\DIPNA\anaconda3\envs\kidney\lib\site-packages\flask_cors\decorator.py", line 121, in wrapped_function
    resp = make_response(f(*args, **kwargs))
  File "C:\Users\DIPNA\Desktop\Kidny\Kidney_Disease_Classification\app.py", line 38, in predictRoute
    result = clApp.classifier.predict()
  File "C:\Users\DIPNA\Desktop\Kidny\Kidney_Disease_Classification\src\cnnClassifier\pipeline\prediction.py", line 15, in predict
    model = load_model(os.path.join("model", "model.h5"))
  File "C:\Users\DIPNA\anaconda3\envs\kidney\lib\site-packages\keras\saving\saving_api.py", line 212, in load_model
    return legacy_sm_saving_lib.load_model(
  File "C:\Users\DIPNA\anaconda3\envs\kidney\lib\site-packages\keras\utils\traceback_utils.py", line 70, in error_handler
    raise e.with_traceback(filtered_tb) from None
  File "C:\Users\DIPNA\anaconda3\envs\kidney\lib\site-packages\keras\saving\legacy\save.py", line 230, in load_model
    raise IOError(
OSError: No file or directory found at model\model.h5
[2026-02-05 09:47:02,991: INFO: _internal: 127.0.0.1 - - [05/Feb/2026 09:47:02] "[35m[1mPOST /predict HTTP/1.1[0m" 500 -]
[2026-02-05 09:47:54,648: INFO: _internal: [31m[1mWARNING: This is a development server. Do not use it in a production deployment. Use a production WSGI server instead.[0m
 * Running on http://127.0.0.1:5001]
[2026-02-05 09:47:54,648: INFO: _internal: [33mPress CTRL+C to quit[0m]
[2026-02-05 09:47:54,748: INFO: _internal: 127.0.0.1 - - [05/Feb/2026 09:47:54] "GET / HTTP/1.1" 200 -]
[2026-02-05 09:47:59,782: INFO: _internal: 127.0.0.1 - - [05/Feb/2026 09:47:59] "GET / HTTP/1.1" 200 -]
[2026-02-05 09:48:04,316: ERROR: app: Exception on /predict [POST]]
Traceback (most recent call last):
  File "C:\Users\DIPNA\anaconda3\envs\kidney\lib\site-packages\flask\app.py", line 2190, in wsgi_app
    response = self.full_dispatch_request()
  File "C:\Users\DIPNA\anaconda3\envs\kidney\lib\site-packages\flask\app.py", line 1486, in full_dispatch_request
    rv = self.handle_user_exception(e)
  File "C:\Users\DIPNA\anaconda3\envs\kidney\lib\site-packages\flask_cors\extension.py", line 176, in wrapped_function
    return cors_after_request(app.make_response(f(*args, **kwargs)))
  File "C:\Users\DIPNA\anaconda3\envs\kidney\lib\site-packages\flask\app.py", line 1484, in full_dispatch_request
    rv = self.dispatch_request()
  File "C:\Users\DIPNA\anaconda3\envs\kidney\lib\site-packages\flask\app.py", line 1469, in dispatch_request
    return self.ensure_sync(self.view_functions[rule.endpoint])(**view_args)
  File "C:\Users\DIPNA\anaconda3\envs\kidney\lib\site-packages\flask_cors\decorator.py", line 121, in wrapped_function
    resp = make_response(f(*args, **kwargs))
  File "C:\Users\DIPNA\Desktop\Kidny\Kidney_Disease_Classification\app.py", line 38, in predictRoute
    result = clApp.classifier.predict()
  File "C:\Users\DIPNA\Desktop\Kidny\Kidney_Disease_Classification\src\cnnClassifier\pipeline\prediction.py", line 15, in predict
    model = load_model(os.path.join("model", "model.h5"))
  File "C:\Users\DIPNA\anaconda3\envs\kidney\lib\site-packages\keras\saving\saving_api.py", line 212, in load_model
    return legacy_sm_saving_lib.load_model(
  File "C:\Users\DIPNA\anaconda3\envs\kidney\lib\site-packages\keras\utils\traceback_utils.py", line 70, in error_handler
    raise e.with_traceback(filtered_tb) from None
  File "C:\Users\DIPNA\anaconda3\envs\kidney\lib\site-packages\keras\saving\legacy\save.py", line 230, in load_model
    raise IOError(
OSError: No file or directory found at model\model.h5
[2026-02-05 09:48:04,325: INFO: _internal: 127.0.0.1 - - [05/Feb/2026 09:48:04] "[35m[1mPOST /predict HTTP/1.1[0m" 500 -]
[2026-02-05 09:52:51,907: INFO: _internal: [31m[1mWARNING: This is a development server. Do not use it in a production deployment. Use a production WSGI server instead.[0m
 * Running on http://127.0.0.1:5001]
[2026-02-05 09:52:51,908: INFO: _internal: [33mPress CTRL+C to quit[0m]
[2026-02-05 09:52:55,945: INFO: _internal: 127.0.0.1 - - [05/Feb/2026 09:52:55] "GET / HTTP/1.1" 200 -]
[2026-02-05 09:53:01,238: INFO: _internal: 127.0.0.1 - - [05/Feb/2026 09:53:01] "POST /predict HTTP/1.1" 200 -]
[2026-02-05 09:53:10,789: INFO: _internal: 127.0.0.1 - - [05/Feb/2026 09:53:10] "POST /predict HTTP/1.1" 200 -]
[2026-02-05 09:53:22,722: INFO: _internal: 127.0.0.1 - - [05/Feb/2026 09:53:22] "POST /predict HTTP/1.1" 200 -]
[2026-02-05 09:53:28,555: INFO: _internal: 127.0.0.1 - - [05/Feb/2026 09:53:28] "POST /predict HTTP/1.1" 200 -]
[2026-02-05 09:53:43,096: WARNING: polymorphic_function: 5 out of the last 5 calls to <function Model.make_predict_function.<locals>.predict_function at 0x000002577137B700> triggered tf.function retracing. Tracing is expensive and the excessive number of tracings could be due to (1) creating @tf.function repeatedly in a loop, (2) passing tensors with different shapes, (3) passing Python objects instead of tensors. For (1), please define your @tf.function outside of the loop. For (2), @tf.function has reduce_retracing=True option that can avoid unnecessary retracing. For (3), please refer to https://www.tensorflow.org/guide/function#controlling_retracing and https://www.tensorflow.org/api_docs/python/tf/function for  more details.]
[2026-02-05 09:53:43,103: INFO: _internal: 127.0.0.1 - - [05/Feb/2026 09:53:43] "POST /predict HTTP/1.1" 200 -]
[2026-02-05 09:56:19,575: INFO: _internal: 127.0.0.1 - - [05/Feb/2026 09:56:19] "GET / HTTP/1.1" 200 -]
[2026-02-05 09:56:45,872: INFO: _internal: [31m[1mWARNING: This is a development server. Do not use it in a production deployment. Use a production WSGI server instead.[0m
 * Running on http://127.0.0.1:5001]
[2026-02-05 09:56:45,872: INFO: _internal: [33mPress CTRL+C to quit[0m]
[2026-02-05 09:56:48,038: INFO: _internal: 127.0.0.1 - - [05/Feb/2026 09:56:48] "GET / HTTP/1.1" 200 -]
[2026-02-05 09:56:48,680: INFO: _internal: 127.0.0.1 - - [05/Feb/2026 09:56:48] "[33mGET /favicon.ico HTTP/1.1[0m" 404 -]
[2026-02-05 09:56:55,376: INFO: _internal: 127.0.0.1 - - [05/Feb/2026 09:56:55] "POST /predict HTTP/1.1" 200 -]
[2026-02-05 09:57:09,622: INFO: _internal: 127.0.0.1 - - [05/Feb/2026 09:57:09] "POST /predict HTTP/1.1" 200 -]
[2026-02-05 10:02:26,957: INFO: _internal: [31m[1mWARNING: This is a development server. Do not use it in a production deployment. Use a production WSGI server instead.[0m
 * Running on http://127.0.0.1:5001]
[2026-02-05 10:02:26,957: INFO: _internal: [33mPress CTRL+C to quit[0m]
[2026-02-05 10:02:28,728: INFO: _internal: 127.0.0.1 - - [05/Feb/2026 10:02:28] "GET / HTTP/1.1" 200 -]
[2026-02-05 10:02:33,511: INFO: _internal: 127.0.0.1 - - [05/Feb/2026 10:02:33] "POST /predict HTTP/1.1" 200 -]
[2026-02-05 10:02:39,862: INFO: _internal: 127.0.0.1 - - [05/Feb/2026 10:02:39] "POST /predict HTTP/1.1" 200 -]
[2026-02-05 10:02:45,839: INFO: _internal: 127.0.0.1 - - [05/Feb/2026 10:02:45] "POST /predict HTTP/1.1" 200 -]
[2026-02-05 10:02:54,839: INFO: _internal: 127.0.0.1 - - [05/Feb/2026 10:02:54] "POST /predict HTTP/1.1" 200 -]
[2026-02-05 10:04:58,276: INFO: _internal: [31m[1mWARNING: This is a development server. Do not use it in a production deployment. Use a production WSGI server instead.[0m
 * Running on http://127.0.0.1:5001]
[2026-02-05 10:04:58,276: INFO: _internal: [33mPress CTRL+C to quit[0m]
[2026-02-05 10:05:12,117: INFO: _internal: 127.0.0.1 - - [05/Feb/2026 10:05:12] "GET / HTTP/1.1" 200 -]
[2026-02-05 10:05:27,387: INFO: _internal: 127.0.0.1 - - [05/Feb/2026 10:05:27] "POST /predict HTTP/1.1" 200 -]
[2026-02-05 10:05:33,175: INFO: _internal: 127.0.0.1 - - [05/Feb/2026 10:05:33] "POST /predict HTTP/1.1" 200 -]
[2026-02-05 10:05:44,574: INFO: _internal: 127.0.0.1 - - [05/Feb/2026 10:05:44] "POST /predict HTTP/1.1" 200 -]
[2026-02-05 10:05:57,083: INFO: _internal: 127.0.0.1 - - [05/Feb/2026 10:05:57] "POST /predict HTTP/1.1" 200 -]
[2026-02-05 10:06:02,216: WARNING: polymorphic_function: 5 out of the last 5 calls to <function Model.make_predict_function.<locals>.predict_function at 0x0000024A007D8820> triggered tf.function retracing. Tracing is expensive and the excessive number of tracings could be due to (1) creating @tf.function repeatedly in a loop, (2) passing tensors with different shapes, (3) passing Python objects instead of tensors. For (1), please define your @tf.function outside of the loop. For (2), @tf.function has reduce_retracing=True option that can avoid unnecessary retracing. For (3), please refer to https://www.tensorflow.org/guide/function#controlling_retracing and https://www.tensorflow.org/api_docs/python/tf/function for  more details.]
[2026-02-05 10:06:02,220: INFO: _internal: 127.0.0.1 - - [05/Feb/2026 10:06:02] "POST /predict HTTP/1.1" 200 -]
[2026-02-05 10:06:11,798: WARNING: polymorphic_function: 6 out of the last 6 calls to <function Model.make_predict_function.<locals>.predict_function at 0x0000024A007D8430> triggered tf.function retracing. Tracing is expensive and the excessive number of tracings could be due to (1) creating @tf.function repeatedly in a loop, (2) passing tensors with different shapes, (3) passing Python objects instead of tensors. For (1), please define your @tf.function outside of the loop. For (2), @tf.function has reduce_retracing=True option that can avoid unnecessary retracing. For (3), please refer to https://www.tensorflow.org/guide/function#controlling_retracing and https://www.tensorflow.org/api_docs/python/tf/function for  more details.]
[2026-02-05 10:06:11,803: INFO: _internal: 127.0.0.1 - - [05/Feb/2026 10:06:11] "POST /predict HTTP/1.1" 200 -]
[2026-02-05 10:06:20,725: INFO: _internal: 127.0.0.1 - - [05/Feb/2026 10:06:20] "POST /predict HTTP/1.1" 200 -]
[2026-02-05 10:06:29,499: INFO: _internal: 127.0.0.1 - - [05/Feb/2026 10:06:29] "POST /predict HTTP/1.1" 200 -]
[2026-02-05 10:11:54,806: INFO: _internal: [31m[1mWARNING: This is a development server. Do not use it in a production deployment. Use a production WSGI server instead.[0m
 * Running on http://127.0.0.1:5001]
[2026-02-05 10:11:54,807: INFO: _internal: [33mPress CTRL+C to quit[0m]
[2026-02-05 10:12:21,564: INFO: _internal: 127.0.0.1 - - [05/Feb/2026 10:12:21] "GET / HTTP/1.1" 200 -]
[2026-02-05 10:12:28,195: INFO: _internal: 127.0.0.1 - - [05/Feb/2026 10:12:28] "POST /predict HTTP/1.1" 200 -]
[2026-02-05 10:12:32,057: INFO: _internal: 127.0.0.1 - - [05/Feb/2026 10:12:32] "POST /predict HTTP/1.1" 200 -]
[2026-02-05 10:24:16,975: INFO: _internal: [31m[1mWARNING: This is a development server. Do not use it in a production deployment. Use a production WSGI server instead.[0m
 * Running on http://127.0.0.1:5001]
[2026-02-05 10:24:16,976: INFO: _internal: [33mPress CTRL+C to quit[0m]
[2026-02-05 10:24:36,811: INFO: _internal: 127.0.0.1 - - [05/Feb/2026 10:24:36] "GET / HTTP/1.1" 200 -]
[2026-02-05 10:24:43,432: INFO: _internal: 127.0.0.1 - - [05/Feb/2026 10:24:43] "POST /predict HTTP/1.1" 200 -]
[2026-02-05 10:24:47,977: INFO: _internal: 127.0.0.1 - - [05/Feb/2026 10:24:47] "POST /predict HTTP/1.1" 200 -]
